<?xml version="1.0" encoding="UTF-8"?>

<mule xmlns="http://www.mulesoft.org/schema/mule/core" xmlns:sfdc="http://www.mulesoft.org/schema/mule/sfdc" xmlns:doc="http://www.mulesoft.org/schema/mule/documentation" xmlns:spring="http://www.springframework.org/schema/beans" version="EE-3.5.0" xmlns:xsi="http://www.w3.org/2001/XMLSchema-instance" xsi:schemaLocation="http://www.mulesoft.org/schema/mule/sfdc http://www.mulesoft.org/schema/mule/sfdc/current/mule-sfdc.xsd
http://www.springframework.org/schema/beans http://www.springframework.org/schema/beans/spring-beans-current.xsd
http://www.mulesoft.org/schema/mule/core http://www.mulesoft.org/schema/mule/core/current/mule.xsd">
    <sub-flow ;INDEX="1" name="createAccountFlow" doc:name="createAccountFlow">
        <sfdc:create config-ref="SalesforceA" type="Account" ;INDEX="2" doc:name="Salesforce">
            <sfdc:objects ;INDEX="3" ref="#[payload]"/>
        </sfdc:create>
    </sub-flow>
    <sub-flow ;INDEX="4" name="retrieveAccountFlow" doc:name="retrieveAccountFlow">
        <sfdc:query-single config-ref="SalesforceB" query="SELECT Id, Name FROM Account WHERE Name = '#[payload['Name']]'" ;INDEX="5" doc:name="Salesforce"/>
    </sub-flow>
    <sub-flow ;INDEX="6" name="deleteAccountFromAFlow" doc:name="deleteAccountFromAFlow">
        <sfdc:delete config-ref="SalesforceA" ;INDEX="7" doc:name="Salesforce">
            <sfdc:ids ;INDEX="8" ref="#[payload]"/>
        </sfdc:delete>
    </sub-flow>
    <sub-flow ;INDEX="9" name="deleteAccountFromBFlow" doc:name="deleteAccountFromBFlow">
        <sfdc:delete config-ref="SalesforceB" ;INDEX="10" doc:name="Salesforce">
            <sfdc:ids ;INDEX="11" ref="#[payload]"/>
        </sfdc:delete>
    </sub-flow>
</mule>
